<?xml version="1.0" encoding="UTF-8"?>
<!-- Generated by org.testng.reporters.JUnitReportReporter -->
<testsuite hostname="l-4krq542" name="ThreadUnsafe" tests="1000" failures="0" timestamp="22 May 2016 18:02:07 GMT" time="1.008" errors="0">
  <testcase name="swap" time="0.001" classname="ThreadUnsafe"/>
  <testcase name="swap" time="0.000" classname="ThreadUnsafe"/>
  <testcase name="swap" time="0.001" classname="ThreadUnsafe"/>
  <testcase name="swap" time="0.001" classname="ThreadUnsafe"/>
  <testcase name="swap" time="0.001" classname="ThreadUnsafe"/>
  <testcase name="swap" time="0.000" classname="ThreadUnsafe"/>
  <testcase name="swap" time="0.000" classname="ThreadUnsafe"/>
  <testcase name="swap" time="0.008" classname="ThreadUnsafe"/>
  <testcase name="swap" time="0.004" classname="ThreadUnsafe"/>
  <testcase name="swap" time="0.001" classname="ThreadUnsafe"/>
  <testcase name="swap" time="0.001" classname="ThreadUnsafe"/>
  <testcase name="swap" time="0.001" classname="ThreadUnsafe"/>
  <testcase name="swap" time="0.000" classname="ThreadUnsafe"/>
  <testcase name="swap" time="0.000" classname="ThreadUnsafe"/>
  <testcase name="swap" time="0.001" classname="ThreadUnsafe"/>
  <testcase name="swap" time="0.001" classname="ThreadUnsafe"/>
  <testcase name="swap" time="0.001" classname="ThreadUnsafe"/>
  <testcase name="swap" time="0.001" classname="ThreadUnsafe"/>
  <testcase name="swap" time="0.000" classname="ThreadUnsafe"/>
  <testcase name="swap" time="0.000" classname="ThreadUnsafe"/>
  <testcase name="swap" time="0.001" classname="ThreadUnsafe"/>
  <testcase name="swap" time="0.001" classname="ThreadUnsafe"/>
  <testcase name="swap" time="0.001" classname="ThreadUnsafe"/>
  <testcase name="swap" time="0.000" classname="ThreadUnsafe"/>
  <testcase name="swap" time="0.002" classname="ThreadUnsafe"/>
  <testcase name="swap" time="0.000" classname="ThreadUnsafe"/>
  <testcase name="swap" time="0.001" classname="ThreadUnsafe"/>
  <testcase name="swap" time="0.000" classname="ThreadUnsafe"/>
  <testcase name="swap" time="0.001" classname="ThreadUnsafe"/>
  <testcase name="swap" time="0.001" classname="ThreadUnsafe"/>
  <testcase name="swap" time="0.000" classname="ThreadUnsafe"/>
  <testcase name="swap" time="0.003" classname="ThreadUnsafe"/>
  <testcase name="swap" time="0.000" classname="ThreadUnsafe"/>
  <testcase name="swap" time="0.001" classname="ThreadUnsafe"/>
  <testcase name="swap" time="0.001" classname="ThreadUnsafe"/>
  <testcase name="swap" time="0.003" classname="ThreadUnsafe"/>
  <testcase name="swap" time="0.001" classname="ThreadUnsafe"/>
  <testcase name="swap" time="0.000" classname="ThreadUnsafe"/>
  <testcase name="swap" time="0.001" classname="ThreadUnsafe"/>
  <testcase name="swap" time="0.001" classname="ThreadUnsafe"/>
  <testcase name="swap" time="0.001" classname="ThreadUnsafe"/>
  <testcase name="swap" time="0.000" classname="ThreadUnsafe"/>
  <testcase name="swap" time="0.002" classname="ThreadUnsafe"/>
  <testcase name="swap" time="0.001" classname="ThreadUnsafe"/>
  <testcase name="swap" time="0.001" classname="ThreadUnsafe"/>
  <testcase name="swap" time="0.001" classname="ThreadUnsafe"/>
  <testcase name="swap" time="0.001" classname="ThreadUnsafe"/>
  <testcase name="swap" time="0.000" classname="ThreadUnsafe"/>
  <testcase name="swap" time="0.002" classname="ThreadUnsafe"/>
  <testcase name="swap" time="0.000" classname="ThreadUnsafe"/>
  <testcase name="swap" time="0.000" classname="ThreadUnsafe"/>
  <testcase name="swap" time="0.001" classname="ThreadUnsafe"/>
  <testcase name="swap" time="0.000" classname="ThreadUnsafe"/>
  <testcase name="swap" time="0.001" classname="ThreadUnsafe"/>
  <testcase name="swap" time="0.001" classname="ThreadUnsafe"/>
  <testcase name="swap" time="0.000" classname="ThreadUnsafe"/>
  <testcase name="swap" time="0.001" classname="ThreadUnsafe"/>
  <testcase name="swap" time="0.000" classname="ThreadUnsafe"/>
  <testcase name="swap" time="0.000" classname="ThreadUnsafe"/>
  <testcase name="swap" time="0.000" classname="ThreadUnsafe"/>
  <testcase name="swap" time="0.001" classname="ThreadUnsafe"/>
  <testcase name="swap" time="0.003" classname="ThreadUnsafe"/>
  <testcase name="swap" time="0.001" classname="ThreadUnsafe"/>
  <testcase name="swap" time="0.001" classname="ThreadUnsafe"/>
  <testcase name="swap" time="0.001" classname="ThreadUnsafe"/>
  <testcase name="swap" time="0.001" classname="ThreadUnsafe"/>
  <testcase name="swap" time="0.001" classname="ThreadUnsafe"/>
  <testcase name="swap" time="0.000" classname="ThreadUnsafe"/>
  <testcase name="swap" time="0.000" classname="ThreadUnsafe"/>
  <testcase name="swap" time="0.001" classname="ThreadUnsafe"/>
  <testcase name="swap" time="0.000" classname="ThreadUnsafe"/>
  <testcase name="swap" time="0.001" classname="ThreadUnsafe"/>
  <testcase name="swap" time="0.006" classname="ThreadUnsafe"/>
  <testcase name="swap" time="0.001" classname="ThreadUnsafe"/>
  <testcase name="swap" time="0.000" classname="ThreadUnsafe"/>
  <testcase name="swap" time="0.000" classname="ThreadUnsafe"/>
  <testcase name="swap" time="0.000" classname="ThreadUnsafe"/>
  <testcase name="swap" time="0.000" classname="ThreadUnsafe"/>
  <testcase name="swap" time="0.001" classname="ThreadUnsafe"/>
  <testcase name="swap" time="0.001" classname="ThreadUnsafe"/>
  <testcase name="swap" time="0.001" classname="ThreadUnsafe"/>
  <testcase name="swap" time="0.001" classname="ThreadUnsafe"/>
  <testcase name="swap" time="0.001" classname="ThreadUnsafe"/>
  <testcase name="swap" time="0.001" classname="ThreadUnsafe"/>
  <testcase name="swap" time="0.000" classname="ThreadUnsafe"/>
  <testcase name="swap" time="0.002" classname="ThreadUnsafe"/>
  <testcase name="swap" time="0.000" classname="ThreadUnsafe"/>
  <testcase name="swap" time="0.000" classname="ThreadUnsafe"/>
  <testcase name="swap" time="0.001" classname="ThreadUnsafe"/>
  <testcase name="swap" time="0.001" classname="ThreadUnsafe"/>
  <testcase name="swap" time="0.001" classname="ThreadUnsafe"/>
  <testcase name="swap" time="0.001" classname="ThreadUnsafe"/>
  <testcase name="swap" time="0.005" classname="ThreadUnsafe"/>
  <testcase name="swap" time="0.001" classname="ThreadUnsafe"/>
  <testcase name="swap" time="0.000" classname="ThreadUnsafe"/>
  <testcase name="swap" time="0.000" classname="ThreadUnsafe"/>
  <testcase name="swap" time="0.004" classname="ThreadUnsafe"/>
  <testcase name="swap" time="0.000" classname="ThreadUnsafe"/>
  <testcase name="swap" time="0.002" classname="ThreadUnsafe"/>
  <testcase name="swap" time="0.000" classname="ThreadUnsafe"/>
  <testcase name="swap" time="0.001" classname="ThreadUnsafe"/>
  <testcase name="swap" time="0.001" classname="ThreadUnsafe"/>
  <testcase name="swap" time="0.000" classname="ThreadUnsafe"/>
  <testcase name="swap" time="0.001" classname="ThreadUnsafe"/>
  <testcase name="swap" time="0.001" classname="ThreadUnsafe"/>
  <testcase name="swap" time="0.001" classname="ThreadUnsafe"/>
  <testcase name="swap" time="0.001" classname="ThreadUnsafe"/>
  <testcase name="swap" time="0.001" classname="ThreadUnsafe"/>
  <testcase name="swap" time="0.001" classname="ThreadUnsafe"/>
  <testcase name="swap" time="0.001" classname="ThreadUnsafe"/>
  <testcase name="swap" time="0.001" classname="ThreadUnsafe"/>
  <testcase name="swap" time="0.002" classname="ThreadUnsafe"/>
  <testcase name="swap" time="0.001" classname="ThreadUnsafe"/>
  <testcase name="swap" time="0.001" classname="ThreadUnsafe"/>
  <testcase name="swap" time="0.000" classname="ThreadUnsafe"/>
  <testcase name="swap" time="0.001" classname="ThreadUnsafe"/>
  <testcase name="swap" time="0.000" classname="ThreadUnsafe"/>
  <testcase name="swap" time="0.001" classname="ThreadUnsafe"/>
  <testcase name="swap" time="0.004" classname="ThreadUnsafe"/>
  <testcase name="swap" time="0.000" classname="ThreadUnsafe"/>
  <testcase name="swap" time="0.001" classname="ThreadUnsafe"/>
  <testcase name="swap" time="0.001" classname="ThreadUnsafe"/>
  <testcase name="swap" time="0.001" classname="ThreadUnsafe"/>
  <testcase name="swap" time="0.001" classname="ThreadUnsafe"/>
  <testcase name="swap" time="0.001" classname="ThreadUnsafe"/>
  <testcase name="swap" time="0.002" classname="ThreadUnsafe"/>
  <testcase name="swap" time="0.000" classname="ThreadUnsafe"/>
  <testcase name="swap" time="0.002" classname="ThreadUnsafe"/>
  <testcase name="swap" time="0.000" classname="ThreadUnsafe"/>
  <testcase name="swap" time="0.001" classname="ThreadUnsafe"/>
  <testcase name="swap" time="0.002" classname="ThreadUnsafe"/>
  <testcase name="swap" time="0.000" classname="ThreadUnsafe"/>
  <testcase name="swap" time="0.001" classname="ThreadUnsafe"/>
  <testcase name="swap" time="0.000" classname="ThreadUnsafe"/>
  <testcase name="swap" time="0.000" classname="ThreadUnsafe"/>
  <testcase name="swap" time="0.001" classname="ThreadUnsafe"/>
  <testcase name="swap" time="0.001" classname="ThreadUnsafe"/>
  <testcase name="swap" time="0.001" classname="ThreadUnsafe"/>
  <testcase name="swap" time="0.003" classname="ThreadUnsafe"/>
  <testcase name="swap" time="0.001" classname="ThreadUnsafe"/>
  <testcase name="swap" time="0.001" classname="ThreadUnsafe"/>
  <testcase name="swap" time="0.001" classname="ThreadUnsafe"/>
  <testcase name="swap" time="0.000" classname="ThreadUnsafe"/>
  <testcase name="swap" time="0.000" classname="ThreadUnsafe"/>
  <testcase name="swap" time="0.000" classname="ThreadUnsafe"/>
  <testcase name="swap" time="0.001" classname="ThreadUnsafe"/>
  <testcase name="swap" time="0.001" classname="ThreadUnsafe"/>
  <testcase name="swap" time="0.002" classname="ThreadUnsafe"/>
  <testcase name="swap" time="0.000" classname="ThreadUnsafe"/>
  <testcase name="swap" time="0.000" classname="ThreadUnsafe"/>
  <testcase name="swap" time="0.001" classname="ThreadUnsafe"/>
  <testcase name="swap" time="0.001" classname="ThreadUnsafe"/>
  <testcase name="swap" time="0.000" classname="ThreadUnsafe"/>
  <testcase name="swap" time="0.001" classname="ThreadUnsafe"/>
  <testcase name="swap" time="0.000" classname="ThreadUnsafe"/>
  <testcase name="swap" time="0.001" classname="ThreadUnsafe"/>
  <testcase name="swap" time="0.001" classname="ThreadUnsafe"/>
  <testcase name="swap" time="0.002" classname="ThreadUnsafe"/>
  <testcase name="swap" time="0.000" classname="ThreadUnsafe"/>
  <testcase name="swap" time="0.001" classname="ThreadUnsafe"/>
  <testcase name="swap" time="0.001" classname="ThreadUnsafe"/>
  <testcase name="swap" time="0.000" classname="ThreadUnsafe"/>
  <testcase name="swap" time="0.000" classname="ThreadUnsafe"/>
  <testcase name="swap" time="0.001" classname="ThreadUnsafe"/>
  <testcase name="swap" time="0.002" classname="ThreadUnsafe"/>
  <testcase name="swap" time="0.001" classname="ThreadUnsafe"/>
  <testcase name="swap" time="0.001" classname="ThreadUnsafe"/>
  <testcase name="swap" time="0.000" classname="ThreadUnsafe"/>
  <testcase name="swap" time="0.001" classname="ThreadUnsafe"/>
  <testcase name="swap" time="0.000" classname="ThreadUnsafe"/>
  <testcase name="swap" time="0.000" classname="ThreadUnsafe"/>
  <testcase name="swap" time="0.002" classname="ThreadUnsafe"/>
  <testcase name="swap" time="0.001" classname="ThreadUnsafe"/>
  <testcase name="swap" time="0.000" classname="ThreadUnsafe"/>
  <testcase name="swap" time="0.000" classname="ThreadUnsafe"/>
  <testcase name="swap" time="0.001" classname="ThreadUnsafe"/>
  <testcase name="swap" time="0.001" classname="ThreadUnsafe"/>
  <testcase name="swap" time="0.000" classname="ThreadUnsafe"/>
  <testcase name="swap" time="0.001" classname="ThreadUnsafe"/>
  <testcase name="swap" time="0.018" classname="ThreadUnsafe"/>
  <testcase name="swap" time="0.000" classname="ThreadUnsafe"/>
  <testcase name="swap" time="0.000" classname="ThreadUnsafe"/>
  <testcase name="swap" time="0.000" classname="ThreadUnsafe"/>
  <testcase name="swap" time="0.002" classname="ThreadUnsafe"/>
  <testcase name="swap" time="0.001" classname="ThreadUnsafe"/>
  <testcase name="swap" time="0.001" classname="ThreadUnsafe"/>
  <testcase name="swap" time="0.003" classname="ThreadUnsafe"/>
  <testcase name="swap" time="0.000" classname="ThreadUnsafe"/>
  <testcase name="swap" time="0.000" classname="ThreadUnsafe"/>
  <testcase name="swap" time="0.001" classname="ThreadUnsafe"/>
  <testcase name="swap" time="0.000" classname="ThreadUnsafe"/>
  <testcase name="swap" time="0.000" classname="ThreadUnsafe"/>
  <testcase name="swap" time="0.001" classname="ThreadUnsafe"/>
  <testcase name="swap" time="0.001" classname="ThreadUnsafe"/>
  <testcase name="swap" time="0.001" classname="ThreadUnsafe"/>
  <testcase name="swap" time="0.001" classname="ThreadUnsafe"/>
  <testcase name="swap" time="0.000" classname="ThreadUnsafe"/>
  <testcase name="swap" time="0.000" classname="ThreadUnsafe"/>
  <testcase name="swap" time="0.000" classname="ThreadUnsafe"/>
  <testcase name="swap" time="0.001" classname="ThreadUnsafe"/>
  <testcase name="swap" time="0.003" classname="ThreadUnsafe"/>
  <testcase name="swap" time="0.000" classname="ThreadUnsafe"/>
  <testcase name="swap" time="0.000" classname="ThreadUnsafe"/>
  <testcase name="swap" time="0.000" classname="ThreadUnsafe"/>
  <testcase name="swap" time="0.002" classname="ThreadUnsafe"/>
  <testcase name="swap" time="0.000" classname="ThreadUnsafe"/>
  <testcase name="swap" time="0.000" classname="ThreadUnsafe"/>
  <testcase name="swap" time="0.001" classname="ThreadUnsafe"/>
  <testcase name="swap" time="0.001" classname="ThreadUnsafe"/>
  <testcase name="swap" time="0.002" classname="ThreadUnsafe"/>
  <testcase name="swap" time="0.001" classname="ThreadUnsafe"/>
  <testcase name="swap" time="0.001" classname="ThreadUnsafe"/>
  <testcase name="swap" time="0.004" classname="ThreadUnsafe"/>
  <testcase name="swap" time="0.001" classname="ThreadUnsafe"/>
  <testcase name="swap" time="0.004" classname="ThreadUnsafe"/>
  <testcase name="swap" time="0.001" classname="ThreadUnsafe"/>
  <testcase name="swap" time="0.000" classname="ThreadUnsafe"/>
  <testcase name="swap" time="0.000" classname="ThreadUnsafe"/>
  <testcase name="swap" time="0.000" classname="ThreadUnsafe"/>
  <testcase name="swap" time="0.000" classname="ThreadUnsafe"/>
  <testcase name="swap" time="0.004" classname="ThreadUnsafe"/>
  <testcase name="swap" time="0.001" classname="ThreadUnsafe"/>
  <testcase name="swap" time="0.001" classname="ThreadUnsafe"/>
  <testcase name="swap" time="0.002" classname="ThreadUnsafe"/>
  <testcase name="swap" time="0.001" classname="ThreadUnsafe"/>
  <testcase name="swap" time="0.001" classname="ThreadUnsafe"/>
  <testcase name="swap" time="0.000" classname="ThreadUnsafe"/>
  <testcase name="swap" time="0.001" classname="ThreadUnsafe"/>
  <testcase name="swap" time="0.001" classname="ThreadUnsafe"/>
  <testcase name="swap" time="0.001" classname="ThreadUnsafe"/>
  <testcase name="swap" time="0.001" classname="ThreadUnsafe"/>
  <testcase name="swap" time="0.000" classname="ThreadUnsafe"/>
  <testcase name="swap" time="0.000" classname="ThreadUnsafe"/>
  <testcase name="swap" time="0.001" classname="ThreadUnsafe"/>
  <testcase name="swap" time="0.001" classname="ThreadUnsafe"/>
  <testcase name="swap" time="0.000" classname="ThreadUnsafe"/>
  <testcase name="swap" time="0.001" classname="ThreadUnsafe"/>
  <testcase name="swap" time="0.001" classname="ThreadUnsafe"/>
  <testcase name="swap" time="0.001" classname="ThreadUnsafe"/>
  <testcase name="swap" time="0.000" classname="ThreadUnsafe"/>
  <testcase name="swap" time="0.001" classname="ThreadUnsafe"/>
  <testcase name="swap" time="0.006" classname="ThreadUnsafe"/>
  <testcase name="swap" time="0.001" classname="ThreadUnsafe"/>
  <testcase name="swap" time="0.001" classname="ThreadUnsafe"/>
  <testcase name="swap" time="0.002" classname="ThreadUnsafe"/>
  <testcase name="swap" time="0.001" classname="ThreadUnsafe"/>
  <testcase name="swap" time="0.000" classname="ThreadUnsafe"/>
  <testcase name="swap" time="0.001" classname="ThreadUnsafe"/>
  <testcase name="swap" time="0.001" classname="ThreadUnsafe"/>
  <testcase name="swap" time="0.001" classname="ThreadUnsafe"/>
  <testcase name="swap" time="0.002" classname="ThreadUnsafe"/>
  <testcase name="swap" time="0.003" classname="ThreadUnsafe"/>
  <testcase name="swap" time="0.001" classname="ThreadUnsafe"/>
  <testcase name="swap" time="0.002" classname="ThreadUnsafe"/>
  <testcase name="swap" time="0.000" classname="ThreadUnsafe"/>
  <testcase name="swap" time="0.000" classname="ThreadUnsafe"/>
  <testcase name="swap" time="0.001" classname="ThreadUnsafe"/>
  <testcase name="swap" time="0.001" classname="ThreadUnsafe"/>
  <testcase name="swap" time="0.000" classname="ThreadUnsafe"/>
  <testcase name="swap" time="0.001" classname="ThreadUnsafe"/>
  <testcase name="swap" time="0.001" classname="ThreadUnsafe"/>
  <testcase name="swap" time="0.002" classname="ThreadUnsafe"/>
  <testcase name="swap" time="0.003" classname="ThreadUnsafe"/>
  <testcase name="swap" time="0.000" classname="ThreadUnsafe"/>
  <testcase name="swap" time="0.001" classname="ThreadUnsafe"/>
  <testcase name="swap" time="0.000" classname="ThreadUnsafe"/>
  <testcase name="swap" time="0.001" classname="ThreadUnsafe"/>
  <testcase name="swap" time="0.002" classname="ThreadUnsafe"/>
  <testcase name="swap" time="0.000" classname="ThreadUnsafe"/>
  <testcase name="swap" time="0.000" classname="ThreadUnsafe"/>
  <testcase name="swap" time="0.003" classname="ThreadUnsafe"/>
  <testcase name="swap" time="0.000" classname="ThreadUnsafe"/>
  <testcase name="swap" time="0.000" classname="ThreadUnsafe"/>
  <testcase name="swap" time="0.001" classname="ThreadUnsafe"/>
  <testcase name="swap" time="0.000" classname="ThreadUnsafe"/>
  <testcase name="swap" time="0.001" classname="ThreadUnsafe"/>
  <testcase name="swap" time="0.003" classname="ThreadUnsafe"/>
  <testcase name="swap" time="0.001" classname="ThreadUnsafe"/>
  <testcase name="swap" time="0.001" classname="ThreadUnsafe"/>
  <testcase name="swap" time="0.000" classname="ThreadUnsafe"/>
  <testcase name="swap" time="0.000" classname="ThreadUnsafe"/>
  <testcase name="swap" time="0.004" classname="ThreadUnsafe"/>
  <testcase name="swap" time="0.002" classname="ThreadUnsafe"/>
  <testcase name="swap" time="0.000" classname="ThreadUnsafe"/>
  <testcase name="swap" time="0.000" classname="ThreadUnsafe"/>
  <testcase name="swap" time="0.000" classname="ThreadUnsafe"/>
  <testcase name="swap" time="0.001" classname="ThreadUnsafe"/>
  <testcase name="swap" time="0.001" classname="ThreadUnsafe"/>
  <testcase name="swap" time="0.001" classname="ThreadUnsafe"/>
  <testcase name="swap" time="0.000" classname="ThreadUnsafe"/>
  <testcase name="swap" time="0.000" classname="ThreadUnsafe"/>
  <testcase name="swap" time="0.001" classname="ThreadUnsafe"/>
  <testcase name="swap" time="0.001" classname="ThreadUnsafe"/>
  <testcase name="swap" time="0.001" classname="ThreadUnsafe"/>
  <testcase name="swap" time="0.000" classname="ThreadUnsafe"/>
  <testcase name="swap" time="0.000" classname="ThreadUnsafe"/>
  <testcase name="swap" time="0.001" classname="ThreadUnsafe"/>
  <testcase name="swap" time="0.001" classname="ThreadUnsafe"/>
  <testcase name="swap" time="0.000" classname="ThreadUnsafe"/>
  <testcase name="swap" time="0.000" classname="ThreadUnsafe"/>
  <testcase name="swap" time="0.001" classname="ThreadUnsafe"/>
  <testcase name="swap" time="0.000" classname="ThreadUnsafe"/>
  <testcase name="swap" time="0.001" classname="ThreadUnsafe"/>
  <testcase name="swap" time="0.005" classname="ThreadUnsafe"/>
  <testcase name="swap" time="0.000" classname="ThreadUnsafe"/>
  <testcase name="swap" time="0.000" classname="ThreadUnsafe"/>
  <testcase name="swap" time="0.000" classname="ThreadUnsafe"/>
  <testcase name="swap" time="0.000" classname="ThreadUnsafe"/>
  <testcase name="swap" time="0.000" classname="ThreadUnsafe"/>
  <testcase name="swap" time="0.000" classname="ThreadUnsafe"/>
  <testcase name="swap" time="0.004" classname="ThreadUnsafe"/>
  <testcase name="swap" time="0.000" classname="ThreadUnsafe"/>
  <testcase name="swap" time="0.001" classname="ThreadUnsafe"/>
  <testcase name="swap" time="0.000" classname="ThreadUnsafe"/>
  <testcase name="swap" time="0.000" classname="ThreadUnsafe"/>
  <testcase name="swap" time="0.001" classname="ThreadUnsafe"/>
  <testcase name="swap" time="0.000" classname="ThreadUnsafe"/>
  <testcase name="swap" time="0.001" classname="ThreadUnsafe"/>
  <testcase name="swap" time="0.001" classname="ThreadUnsafe"/>
  <testcase name="swap" time="0.001" classname="ThreadUnsafe"/>
  <testcase name="swap" time="0.001" classname="ThreadUnsafe"/>
  <testcase name="swap" time="0.000" classname="ThreadUnsafe"/>
  <testcase name="swap" time="0.008" classname="ThreadUnsafe"/>
  <testcase name="swap" time="0.000" classname="ThreadUnsafe"/>
  <testcase name="swap" time="0.001" classname="ThreadUnsafe"/>
  <testcase name="swap" time="0.000" classname="ThreadUnsafe"/>
  <testcase name="swap" time="0.001" classname="ThreadUnsafe"/>
  <testcase name="swap" time="0.000" classname="ThreadUnsafe"/>
  <testcase name="swap" time="0.001" classname="ThreadUnsafe"/>
  <testcase name="swap" time="0.002" classname="ThreadUnsafe"/>
  <testcase name="swap" time="0.000" classname="ThreadUnsafe"/>
  <testcase name="swap" time="0.001" classname="ThreadUnsafe"/>
  <testcase name="swap" time="0.001" classname="ThreadUnsafe"/>
  <testcase name="swap" time="0.000" classname="ThreadUnsafe"/>
  <testcase name="swap" time="0.000" classname="ThreadUnsafe"/>
  <testcase name="swap" time="0.000" classname="ThreadUnsafe"/>
  <testcase name="swap" time="0.001" classname="ThreadUnsafe"/>
  <testcase name="swap" time="0.001" classname="ThreadUnsafe"/>
  <testcase name="swap" time="0.001" classname="ThreadUnsafe"/>
  <testcase name="swap" time="0.001" classname="ThreadUnsafe"/>
  <testcase name="swap" time="0.001" classname="ThreadUnsafe"/>
  <testcase name="swap" time="0.000" classname="ThreadUnsafe"/>
  <testcase name="swap" time="0.001" classname="ThreadUnsafe"/>
  <testcase name="swap" time="0.001" classname="ThreadUnsafe"/>
  <testcase name="swap" time="0.000" classname="ThreadUnsafe"/>
  <testcase name="swap" time="0.000" classname="ThreadUnsafe"/>
  <testcase name="swap" time="0.001" classname="ThreadUnsafe"/>
  <testcase name="swap" time="0.000" classname="ThreadUnsafe"/>
  <testcase name="swap" time="0.000" classname="ThreadUnsafe"/>
  <testcase name="swap" time="0.010" classname="ThreadUnsafe"/>
  <testcase name="swap" time="0.000" classname="ThreadUnsafe"/>
  <testcase name="swap" time="0.004" classname="ThreadUnsafe"/>
  <testcase name="swap" time="0.001" classname="ThreadUnsafe"/>
  <testcase name="swap" time="0.000" classname="ThreadUnsafe"/>
  <testcase name="swap" time="0.004" classname="ThreadUnsafe"/>
  <testcase name="swap" time="0.001" classname="ThreadUnsafe"/>
  <testcase name="swap" time="0.000" classname="ThreadUnsafe"/>
  <testcase name="swap" time="0.000" classname="ThreadUnsafe"/>
  <testcase name="swap" time="0.000" classname="ThreadUnsafe"/>
  <testcase name="swap" time="0.002" classname="ThreadUnsafe"/>
  <testcase name="swap" time="0.002" classname="ThreadUnsafe"/>
  <testcase name="swap" time="0.001" classname="ThreadUnsafe"/>
  <testcase name="swap" time="0.001" classname="ThreadUnsafe"/>
  <testcase name="swap" time="0.000" classname="ThreadUnsafe"/>
  <testcase name="swap" time="0.001" classname="ThreadUnsafe"/>
  <testcase name="swap" time="0.001" classname="ThreadUnsafe"/>
  <testcase name="swap" time="0.004" classname="ThreadUnsafe"/>
  <testcase name="swap" time="0.001" classname="ThreadUnsafe"/>
  <testcase name="swap" time="0.000" classname="ThreadUnsafe"/>
  <testcase name="swap" time="0.001" classname="ThreadUnsafe"/>
  <testcase name="swap" time="0.000" classname="ThreadUnsafe"/>
  <testcase name="swap" time="0.002" classname="ThreadUnsafe"/>
  <testcase name="swap" time="0.001" classname="ThreadUnsafe"/>
  <testcase name="swap" time="0.000" classname="ThreadUnsafe"/>
  <testcase name="swap" time="0.001" classname="ThreadUnsafe"/>
  <testcase name="swap" time="0.000" classname="ThreadUnsafe"/>
  <testcase name="swap" time="0.004" classname="ThreadUnsafe"/>
  <testcase name="swap" time="0.001" classname="ThreadUnsafe"/>
  <testcase name="swap" time="0.000" classname="ThreadUnsafe"/>
  <testcase name="swap" time="0.002" classname="ThreadUnsafe"/>
  <testcase name="swap" time="0.000" classname="ThreadUnsafe"/>
  <testcase name="swap" time="0.000" classname="ThreadUnsafe"/>
  <testcase name="swap" time="0.001" classname="ThreadUnsafe"/>
  <testcase name="swap" time="0.002" classname="ThreadUnsafe"/>
  <testcase name="swap" time="0.001" classname="ThreadUnsafe"/>
  <testcase name="swap" time="0.001" classname="ThreadUnsafe"/>
  <testcase name="swap" time="0.002" classname="ThreadUnsafe"/>
  <testcase name="swap" time="0.003" classname="ThreadUnsafe"/>
  <testcase name="swap" time="0.000" classname="ThreadUnsafe"/>
  <testcase name="swap" time="0.001" classname="ThreadUnsafe"/>
  <testcase name="swap" time="0.000" classname="ThreadUnsafe"/>
  <testcase name="swap" time="0.001" classname="ThreadUnsafe"/>
  <testcase name="swap" time="0.001" classname="ThreadUnsafe"/>
  <testcase name="swap" time="0.001" classname="ThreadUnsafe"/>
  <testcase name="swap" time="0.002" classname="ThreadUnsafe"/>
  <testcase name="swap" time="0.001" classname="ThreadUnsafe"/>
  <testcase name="swap" time="0.001" classname="ThreadUnsafe"/>
  <testcase name="swap" time="0.012" classname="ThreadUnsafe"/>
  <testcase name="swap" time="0.000" classname="ThreadUnsafe"/>
  <testcase name="swap" time="0.001" classname="ThreadUnsafe"/>
  <testcase name="swap" time="0.001" classname="ThreadUnsafe"/>
  <testcase name="swap" time="0.001" classname="ThreadUnsafe"/>
  <testcase name="swap" time="0.000" classname="ThreadUnsafe"/>
  <testcase name="swap" time="0.001" classname="ThreadUnsafe"/>
  <testcase name="swap" time="0.001" classname="ThreadUnsafe"/>
  <testcase name="swap" time="0.001" classname="ThreadUnsafe"/>
  <testcase name="swap" time="0.000" classname="ThreadUnsafe"/>
  <testcase name="swap" time="0.001" classname="ThreadUnsafe"/>
  <testcase name="swap" time="0.001" classname="ThreadUnsafe"/>
  <testcase name="swap" time="0.004" classname="ThreadUnsafe"/>
  <testcase name="swap" time="0.000" classname="ThreadUnsafe"/>
  <testcase name="swap" time="0.001" classname="ThreadUnsafe"/>
  <testcase name="swap" time="0.000" classname="ThreadUnsafe"/>
  <testcase name="swap" time="0.001" classname="ThreadUnsafe"/>
  <testcase name="swap" time="0.000" classname="ThreadUnsafe"/>
  <testcase name="swap" time="0.001" classname="ThreadUnsafe"/>
  <testcase name="swap" time="0.001" classname="ThreadUnsafe"/>
  <testcase name="swap" time="0.000" classname="ThreadUnsafe"/>
  <testcase name="swap" time="0.001" classname="ThreadUnsafe"/>
  <testcase name="swap" time="0.001" classname="ThreadUnsafe"/>
  <testcase name="swap" time="0.001" classname="ThreadUnsafe"/>
  <testcase name="swap" time="0.001" classname="ThreadUnsafe"/>
  <testcase name="swap" time="0.001" classname="ThreadUnsafe"/>
  <testcase name="swap" time="0.001" classname="ThreadUnsafe"/>
  <testcase name="swap" time="0.000" classname="ThreadUnsafe"/>
  <testcase name="swap" time="0.000" classname="ThreadUnsafe"/>
  <testcase name="swap" time="0.000" classname="ThreadUnsafe"/>
  <testcase name="swap" time="0.001" classname="ThreadUnsafe"/>
  <testcase name="swap" time="0.001" classname="ThreadUnsafe"/>
  <testcase name="swap" time="0.001" classname="ThreadUnsafe"/>
  <testcase name="swap" time="0.001" classname="ThreadUnsafe"/>
  <testcase name="swap" time="0.000" classname="ThreadUnsafe"/>
  <testcase name="swap" time="0.002" classname="ThreadUnsafe"/>
  <testcase name="swap" time="0.000" classname="ThreadUnsafe"/>
  <testcase name="swap" time="0.000" classname="ThreadUnsafe"/>
  <testcase name="swap" time="0.002" classname="ThreadUnsafe"/>
  <testcase name="swap" time="0.001" classname="ThreadUnsafe"/>
  <testcase name="swap" time="0.001" classname="ThreadUnsafe"/>
  <testcase name="swap" time="0.000" classname="ThreadUnsafe"/>
  <testcase name="swap" time="0.001" classname="ThreadUnsafe"/>
  <testcase name="swap" time="0.000" classname="ThreadUnsafe"/>
  <testcase name="swap" time="0.001" classname="ThreadUnsafe"/>
  <testcase name="swap" time="0.000" classname="ThreadUnsafe"/>
  <testcase name="swap" time="0.000" classname="ThreadUnsafe"/>
  <testcase name="swap" time="0.001" classname="ThreadUnsafe"/>
  <testcase name="swap" time="0.004" classname="ThreadUnsafe"/>
  <testcase name="swap" time="0.001" classname="ThreadUnsafe"/>
  <testcase name="swap" time="0.000" classname="ThreadUnsafe"/>
  <testcase name="swap" time="0.000" classname="ThreadUnsafe"/>
  <testcase name="swap" time="0.000" classname="ThreadUnsafe"/>
  <testcase name="swap" time="0.001" classname="ThreadUnsafe"/>
  <testcase name="swap" time="0.001" classname="ThreadUnsafe"/>
  <testcase name="swap" time="0.000" classname="ThreadUnsafe"/>
  <testcase name="swap" time="0.000" classname="ThreadUnsafe"/>
  <testcase name="swap" time="0.002" classname="ThreadUnsafe"/>
  <testcase name="swap" time="0.000" classname="ThreadUnsafe"/>
  <testcase name="swap" time="0.001" classname="ThreadUnsafe"/>
  <testcase name="swap" time="0.002" classname="ThreadUnsafe"/>
  <testcase name="swap" time="0.001" classname="ThreadUnsafe"/>
  <testcase name="swap" time="0.000" classname="ThreadUnsafe"/>
  <testcase name="swap" time="0.001" classname="ThreadUnsafe"/>
  <testcase name="swap" time="0.000" classname="ThreadUnsafe"/>
  <testcase name="swap" time="0.000" classname="ThreadUnsafe"/>
  <testcase name="swap" time="0.001" classname="ThreadUnsafe"/>
  <testcase name="swap" time="0.000" classname="ThreadUnsafe"/>
  <testcase name="swap" time="0.001" classname="ThreadUnsafe"/>
  <testcase name="swap" time="0.001" classname="ThreadUnsafe"/>
  <testcase name="swap" time="0.000" classname="ThreadUnsafe"/>
  <testcase name="swap" time="0.000" classname="ThreadUnsafe"/>
  <testcase name="swap" time="0.000" classname="ThreadUnsafe"/>
  <testcase name="swap" time="0.001" classname="ThreadUnsafe"/>
  <testcase name="swap" time="0.000" classname="ThreadUnsafe"/>
  <testcase name="swap" time="0.001" classname="ThreadUnsafe"/>
  <testcase name="swap" time="0.000" classname="ThreadUnsafe"/>
  <testcase name="swap" time="0.004" classname="ThreadUnsafe"/>
  <testcase name="swap" time="0.006" classname="ThreadUnsafe"/>
  <testcase name="swap" time="0.000" classname="ThreadUnsafe"/>
  <testcase name="swap" time="0.000" classname="ThreadUnsafe"/>
  <testcase name="swap" time="0.000" classname="ThreadUnsafe"/>
  <testcase name="swap" time="0.000" classname="ThreadUnsafe"/>
  <testcase name="swap" time="0.002" classname="ThreadUnsafe"/>
  <testcase name="swap" time="0.000" classname="ThreadUnsafe"/>
  <testcase name="swap" time="0.000" classname="ThreadUnsafe"/>
  <testcase name="swap" time="0.001" classname="ThreadUnsafe"/>
  <testcase name="swap" time="0.000" classname="ThreadUnsafe"/>
  <testcase name="swap" time="0.005" classname="ThreadUnsafe"/>
  <testcase name="swap" time="0.001" classname="ThreadUnsafe"/>
  <testcase name="swap" time="0.001" classname="ThreadUnsafe"/>
  <testcase name="swap" time="0.001" classname="ThreadUnsafe"/>
  <testcase name="swap" time="0.001" classname="ThreadUnsafe"/>
  <testcase name="swap" time="0.001" classname="ThreadUnsafe"/>
  <testcase name="swap" time="0.001" classname="ThreadUnsafe"/>
  <testcase name="swap" time="0.001" classname="ThreadUnsafe"/>
  <testcase name="swap" time="0.001" classname="ThreadUnsafe"/>
  <testcase name="swap" time="0.000" classname="ThreadUnsafe"/>
  <testcase name="swap" time="0.001" classname="ThreadUnsafe"/>
  <testcase name="swap" time="0.000" classname="ThreadUnsafe"/>
  <testcase name="swap" time="0.000" classname="ThreadUnsafe"/>
  <testcase name="swap" time="0.000" classname="ThreadUnsafe"/>
  <testcase name="swap" time="0.000" classname="ThreadUnsafe"/>
  <testcase name="swap" time="0.001" classname="ThreadUnsafe"/>
  <testcase name="swap" time="0.001" classname="ThreadUnsafe"/>
  <testcase name="swap" time="0.001" classname="ThreadUnsafe"/>
  <testcase name="swap" time="0.000" classname="ThreadUnsafe"/>
  <testcase name="swap" time="0.001" classname="ThreadUnsafe"/>
  <testcase name="swap" time="0.000" classname="ThreadUnsafe"/>
  <testcase name="swap" time="0.001" classname="ThreadUnsafe"/>
  <testcase name="swap" time="0.001" classname="ThreadUnsafe"/>
  <testcase name="swap" time="0.001" classname="ThreadUnsafe"/>
  <testcase name="swap" time="0.001" classname="ThreadUnsafe"/>
  <testcase name="swap" time="0.001" classname="ThreadUnsafe"/>
  <testcase name="swap" time="0.002" classname="ThreadUnsafe"/>
  <testcase name="swap" time="0.000" classname="ThreadUnsafe"/>
  <testcase name="swap" time="0.001" classname="ThreadUnsafe"/>
  <testcase name="swap" time="0.001" classname="ThreadUnsafe"/>
  <testcase name="swap" time="0.000" classname="ThreadUnsafe"/>
  <testcase name="swap" time="0.001" classname="ThreadUnsafe"/>
  <testcase name="swap" time="0.001" classname="ThreadUnsafe"/>
  <testcase name="swap" time="0.001" classname="ThreadUnsafe"/>
  <testcase name="swap" time="0.000" classname="ThreadUnsafe"/>
  <testcase name="swap" time="0.000" classname="ThreadUnsafe"/>
  <testcase name="swap" time="0.000" classname="ThreadUnsafe"/>
  <testcase name="swap" time="0.001" classname="ThreadUnsafe"/>
  <testcase name="swap" time="0.001" classname="ThreadUnsafe"/>
  <testcase name="swap" time="0.000" classname="ThreadUnsafe"/>
  <testcase name="swap" time="0.001" classname="ThreadUnsafe"/>
  <testcase name="swap" time="0.000" classname="ThreadUnsafe"/>
  <testcase name="swap" time="0.001" classname="ThreadUnsafe"/>
  <testcase name="swap" time="0.001" classname="ThreadUnsafe"/>
  <testcase name="swap" time="0.001" classname="ThreadUnsafe"/>
  <testcase name="swap" time="0.002" classname="ThreadUnsafe"/>
  <testcase name="swap" time="0.000" classname="ThreadUnsafe"/>
  <testcase name="swap" time="0.003" classname="ThreadUnsafe"/>
  <testcase name="swap" time="0.001" classname="ThreadUnsafe"/>
  <testcase name="swap" time="0.000" classname="ThreadUnsafe"/>
  <testcase name="swap" time="0.002" classname="ThreadUnsafe"/>
  <testcase name="swap" time="0.001" classname="ThreadUnsafe"/>
  <testcase name="swap" time="0.002" classname="ThreadUnsafe"/>
  <testcase name="swap" time="0.001" classname="ThreadUnsafe"/>
  <testcase name="swap" time="0.002" classname="ThreadUnsafe"/>
  <testcase name="swap" time="0.002" classname="ThreadUnsafe"/>
  <testcase name="swap" time="0.000" classname="ThreadUnsafe"/>
  <testcase name="swap" time="0.001" classname="ThreadUnsafe"/>
  <testcase name="swap" time="0.001" classname="ThreadUnsafe"/>
  <testcase name="swap" time="0.001" classname="ThreadUnsafe"/>
  <testcase name="swap" time="0.001" classname="ThreadUnsafe"/>
  <testcase name="swap" time="0.001" classname="ThreadUnsafe"/>
  <testcase name="swap" time="0.000" classname="ThreadUnsafe"/>
  <testcase name="swap" time="0.001" classname="ThreadUnsafe"/>
  <testcase name="swap" time="0.001" classname="ThreadUnsafe"/>
  <testcase name="swap" time="0.001" classname="ThreadUnsafe"/>
  <testcase name="swap" time="0.000" classname="ThreadUnsafe"/>
  <testcase name="swap" time="0.002" classname="ThreadUnsafe"/>
  <testcase name="swap" time="0.000" classname="ThreadUnsafe"/>
  <testcase name="swap" time="0.001" classname="ThreadUnsafe"/>
  <testcase name="swap" time="0.001" classname="ThreadUnsafe"/>
  <testcase name="swap" time="0.001" classname="ThreadUnsafe"/>
  <testcase name="swap" time="0.001" classname="ThreadUnsafe"/>
  <testcase name="swap" time="0.000" classname="ThreadUnsafe"/>
  <testcase name="swap" time="0.000" classname="ThreadUnsafe"/>
  <testcase name="swap" time="0.000" classname="ThreadUnsafe"/>
  <testcase name="swap" time="0.001" classname="ThreadUnsafe"/>
  <testcase name="swap" time="0.001" classname="ThreadUnsafe"/>
  <testcase name="swap" time="0.001" classname="ThreadUnsafe"/>
  <testcase name="swap" time="0.001" classname="ThreadUnsafe"/>
  <testcase name="swap" time="0.001" classname="ThreadUnsafe"/>
  <testcase name="swap" time="0.000" classname="ThreadUnsafe"/>
  <testcase name="swap" time="0.000" classname="ThreadUnsafe"/>
  <testcase name="swap" time="0.001" classname="ThreadUnsafe"/>
  <testcase name="swap" time="0.001" classname="ThreadUnsafe"/>
  <testcase name="swap" time="0.000" classname="ThreadUnsafe"/>
  <testcase name="swap" time="0.001" classname="ThreadUnsafe"/>
  <testcase name="swap" time="0.000" classname="ThreadUnsafe"/>
  <testcase name="swap" time="0.001" classname="ThreadUnsafe"/>
  <testcase name="swap" time="0.001" classname="ThreadUnsafe"/>
  <testcase name="swap" time="0.000" classname="ThreadUnsafe"/>
  <testcase name="swap" time="0.001" classname="ThreadUnsafe"/>
  <testcase name="swap" time="0.000" classname="ThreadUnsafe"/>
  <testcase name="swap" time="0.000" classname="ThreadUnsafe"/>
  <testcase name="swap" time="0.001" classname="ThreadUnsafe"/>
  <testcase name="swap" time="0.000" classname="ThreadUnsafe"/>
  <testcase name="swap" time="0.001" classname="ThreadUnsafe"/>
  <testcase name="swap" time="0.001" classname="ThreadUnsafe"/>
  <testcase name="swap" time="0.001" classname="ThreadUnsafe"/>
  <testcase name="swap" time="0.001" classname="ThreadUnsafe"/>
  <testcase name="swap" time="0.001" classname="ThreadUnsafe"/>
  <testcase name="swap" time="0.000" classname="ThreadUnsafe"/>
  <testcase name="swap" time="0.001" classname="ThreadUnsafe"/>
  <testcase name="swap" time="0.001" classname="ThreadUnsafe"/>
  <testcase name="swap" time="0.001" classname="ThreadUnsafe"/>
  <testcase name="swap" time="0.001" classname="ThreadUnsafe"/>
  <testcase name="swap" time="0.001" classname="ThreadUnsafe"/>
  <testcase name="swap" time="0.002" classname="ThreadUnsafe"/>
  <testcase name="swap" time="0.000" classname="ThreadUnsafe"/>
  <testcase name="swap" time="0.002" classname="ThreadUnsafe"/>
  <testcase name="swap" time="0.000" classname="ThreadUnsafe"/>
  <testcase name="swap" time="0.001" classname="ThreadUnsafe"/>
  <testcase name="swap" time="0.000" classname="ThreadUnsafe"/>
  <testcase name="swap" time="0.003" classname="ThreadUnsafe"/>
  <testcase name="swap" time="0.000" classname="ThreadUnsafe"/>
  <testcase name="swap" time="0.000" classname="ThreadUnsafe"/>
  <testcase name="swap" time="0.001" classname="ThreadUnsafe"/>
  <testcase name="swap" time="0.001" classname="ThreadUnsafe"/>
  <testcase name="swap" time="0.000" classname="ThreadUnsafe"/>
  <testcase name="swap" time="0.002" classname="ThreadUnsafe"/>
  <testcase name="swap" time="0.001" classname="ThreadUnsafe"/>
  <testcase name="swap" time="0.012" classname="ThreadUnsafe"/>
  <testcase name="swap" time="0.001" classname="ThreadUnsafe"/>
  <testcase name="swap" time="0.001" classname="ThreadUnsafe"/>
  <testcase name="swap" time="0.000" classname="ThreadUnsafe"/>
  <testcase name="swap" time="0.001" classname="ThreadUnsafe"/>
  <testcase name="swap" time="0.001" classname="ThreadUnsafe"/>
  <testcase name="swap" time="0.000" classname="ThreadUnsafe"/>
  <testcase name="swap" time="0.001" classname="ThreadUnsafe"/>
  <testcase name="swap" time="0.000" classname="ThreadUnsafe"/>
  <testcase name="swap" time="0.000" classname="ThreadUnsafe"/>
  <testcase name="swap" time="0.001" classname="ThreadUnsafe"/>
  <testcase name="swap" time="0.001" classname="ThreadUnsafe"/>
  <testcase name="swap" time="0.000" classname="ThreadUnsafe"/>
  <testcase name="swap" time="0.001" classname="ThreadUnsafe"/>
  <testcase name="swap" time="0.001" classname="ThreadUnsafe"/>
  <testcase name="swap" time="0.003" classname="ThreadUnsafe"/>
  <testcase name="swap" time="0.001" classname="ThreadUnsafe"/>
  <testcase name="swap" time="0.000" classname="ThreadUnsafe"/>
  <testcase name="swap" time="0.001" classname="ThreadUnsafe"/>
  <testcase name="swap" time="0.001" classname="ThreadUnsafe"/>
  <testcase name="swap" time="0.001" classname="ThreadUnsafe"/>
  <testcase name="swap" time="0.001" classname="ThreadUnsafe"/>
  <testcase name="swap" time="0.007" classname="ThreadUnsafe"/>
  <testcase name="swap" time="0.001" classname="ThreadUnsafe"/>
  <testcase name="swap" time="0.001" classname="ThreadUnsafe"/>
  <testcase name="swap" time="0.000" classname="ThreadUnsafe"/>
  <testcase name="swap" time="0.001" classname="ThreadUnsafe"/>
  <testcase name="swap" time="0.001" classname="ThreadUnsafe"/>
  <testcase name="swap" time="0.000" classname="ThreadUnsafe"/>
  <testcase name="swap" time="0.008" classname="ThreadUnsafe"/>
  <testcase name="swap" time="0.000" classname="ThreadUnsafe"/>
  <testcase name="swap" time="0.001" classname="ThreadUnsafe"/>
  <testcase name="swap" time="0.002" classname="ThreadUnsafe"/>
  <testcase name="swap" time="0.000" classname="ThreadUnsafe"/>
  <testcase name="swap" time="0.001" classname="ThreadUnsafe"/>
  <testcase name="swap" time="0.001" classname="ThreadUnsafe"/>
  <testcase name="swap" time="0.000" classname="ThreadUnsafe"/>
  <testcase name="swap" time="0.009" classname="ThreadUnsafe"/>
  <testcase name="swap" time="0.000" classname="ThreadUnsafe"/>
  <testcase name="swap" time="0.001" classname="ThreadUnsafe"/>
  <testcase name="swap" time="0.002" classname="ThreadUnsafe"/>
  <testcase name="swap" time="0.001" classname="ThreadUnsafe"/>
  <testcase name="swap" time="0.001" classname="ThreadUnsafe"/>
  <testcase name="swap" time="0.001" classname="ThreadUnsafe"/>
  <testcase name="swap" time="0.005" classname="ThreadUnsafe"/>
  <testcase name="swap" time="0.001" classname="ThreadUnsafe"/>
  <testcase name="swap" time="0.001" classname="ThreadUnsafe"/>
  <testcase name="swap" time="0.001" classname="ThreadUnsafe"/>
  <testcase name="swap" time="0.000" classname="ThreadUnsafe"/>
  <testcase name="swap" time="0.001" classname="ThreadUnsafe"/>
  <testcase name="swap" time="0.000" classname="ThreadUnsafe"/>
  <testcase name="swap" time="0.012" classname="ThreadUnsafe"/>
  <testcase name="swap" time="0.001" classname="ThreadUnsafe"/>
  <testcase name="swap" time="0.001" classname="ThreadUnsafe"/>
  <testcase name="swap" time="0.000" classname="ThreadUnsafe"/>
  <testcase name="swap" time="0.000" classname="ThreadUnsafe"/>
  <testcase name="swap" time="0.002" classname="ThreadUnsafe"/>
  <testcase name="swap" time="0.001" classname="ThreadUnsafe"/>
  <testcase name="swap" time="0.001" classname="ThreadUnsafe"/>
  <testcase name="swap" time="0.001" classname="ThreadUnsafe"/>
  <testcase name="swap" time="0.001" classname="ThreadUnsafe"/>
  <testcase name="swap" time="0.001" classname="ThreadUnsafe"/>
  <testcase name="swap" time="0.000" classname="ThreadUnsafe"/>
  <testcase name="swap" time="0.001" classname="ThreadUnsafe"/>
  <testcase name="swap" time="0.001" classname="ThreadUnsafe"/>
  <testcase name="swap" time="0.001" classname="ThreadUnsafe"/>
  <testcase name="swap" time="0.001" classname="ThreadUnsafe"/>
  <testcase name="swap" time="0.001" classname="ThreadUnsafe"/>
  <testcase name="swap" time="0.003" classname="ThreadUnsafe"/>
  <testcase name="swap" time="0.001" classname="ThreadUnsafe"/>
  <testcase name="swap" time="0.001" classname="ThreadUnsafe"/>
  <testcase name="swap" time="0.001" classname="ThreadUnsafe"/>
  <testcase name="swap" time="0.006" classname="ThreadUnsafe"/>
  <testcase name="swap" time="0.003" classname="ThreadUnsafe"/>
  <testcase name="swap" time="0.000" classname="ThreadUnsafe"/>
  <testcase name="swap" time="0.001" classname="ThreadUnsafe"/>
  <testcase name="swap" time="0.001" classname="ThreadUnsafe"/>
  <testcase name="swap" time="0.001" classname="ThreadUnsafe"/>
  <testcase name="swap" time="0.000" classname="ThreadUnsafe"/>
  <testcase name="swap" time="0.001" classname="ThreadUnsafe"/>
  <testcase name="swap" time="0.003" classname="ThreadUnsafe"/>
  <testcase name="swap" time="0.022" classname="ThreadUnsafe"/>
  <testcase name="swap" time="0.001" classname="ThreadUnsafe"/>
  <testcase name="swap" time="0.003" classname="ThreadUnsafe"/>
  <testcase name="swap" time="0.001" classname="ThreadUnsafe"/>
  <testcase name="swap" time="0.001" classname="ThreadUnsafe"/>
  <testcase name="swap" time="0.001" classname="ThreadUnsafe"/>
  <testcase name="swap" time="0.001" classname="ThreadUnsafe"/>
  <testcase name="swap" time="0.001" classname="ThreadUnsafe"/>
  <testcase name="swap" time="0.002" classname="ThreadUnsafe"/>
  <testcase name="swap" time="0.000" classname="ThreadUnsafe"/>
  <testcase name="swap" time="0.001" classname="ThreadUnsafe"/>
  <testcase name="swap" time="0.001" classname="ThreadUnsafe"/>
  <testcase name="swap" time="0.001" classname="ThreadUnsafe"/>
  <testcase name="swap" time="0.001" classname="ThreadUnsafe"/>
  <testcase name="swap" time="0.000" classname="ThreadUnsafe"/>
  <testcase name="swap" time="0.001" classname="ThreadUnsafe"/>
  <testcase name="swap" time="0.000" classname="ThreadUnsafe"/>
  <testcase name="swap" time="0.000" classname="ThreadUnsafe"/>
  <testcase name="swap" time="0.004" classname="ThreadUnsafe"/>
  <testcase name="swap" time="0.001" classname="ThreadUnsafe"/>
  <testcase name="swap" time="0.001" classname="ThreadUnsafe"/>
  <testcase name="swap" time="0.001" classname="ThreadUnsafe"/>
  <testcase name="swap" time="0.001" classname="ThreadUnsafe"/>
  <testcase name="swap" time="0.001" classname="ThreadUnsafe"/>
  <testcase name="swap" time="0.001" classname="ThreadUnsafe"/>
  <testcase name="swap" time="0.023" classname="ThreadUnsafe"/>
  <testcase name="swap" time="0.000" classname="ThreadUnsafe"/>
  <testcase name="swap" time="0.000" classname="ThreadUnsafe"/>
  <testcase name="swap" time="0.001" classname="ThreadUnsafe"/>
  <testcase name="swap" time="0.001" classname="ThreadUnsafe"/>
  <testcase name="swap" time="0.001" classname="ThreadUnsafe"/>
  <testcase name="swap" time="0.001" classname="ThreadUnsafe"/>
  <testcase name="swap" time="0.000" classname="ThreadUnsafe"/>
  <testcase name="swap" time="0.001" classname="ThreadUnsafe"/>
  <testcase name="swap" time="0.001" classname="ThreadUnsafe"/>
  <testcase name="swap" time="0.002" classname="ThreadUnsafe"/>
  <testcase name="swap" time="0.004" classname="ThreadUnsafe"/>
  <testcase name="swap" time="0.001" classname="ThreadUnsafe"/>
  <testcase name="swap" time="0.000" classname="ThreadUnsafe"/>
  <testcase name="swap" time="0.000" classname="ThreadUnsafe"/>
  <testcase name="swap" time="0.001" classname="ThreadUnsafe"/>
  <testcase name="swap" time="0.001" classname="ThreadUnsafe"/>
  <testcase name="swap" time="0.001" classname="ThreadUnsafe"/>
  <testcase name="swap" time="0.000" classname="ThreadUnsafe"/>
  <testcase name="swap" time="0.001" classname="ThreadUnsafe"/>
  <testcase name="swap" time="0.004" classname="ThreadUnsafe"/>
  <testcase name="swap" time="0.001" classname="ThreadUnsafe"/>
  <testcase name="swap" time="0.001" classname="ThreadUnsafe"/>
  <testcase name="swap" time="0.001" classname="ThreadUnsafe"/>
  <testcase name="swap" time="0.001" classname="ThreadUnsafe"/>
  <testcase name="swap" time="0.001" classname="ThreadUnsafe"/>
  <testcase name="swap" time="0.002" classname="ThreadUnsafe"/>
  <testcase name="swap" time="0.001" classname="ThreadUnsafe"/>
  <testcase name="swap" time="0.001" classname="ThreadUnsafe"/>
  <testcase name="swap" time="0.000" classname="ThreadUnsafe"/>
  <testcase name="swap" time="0.001" classname="ThreadUnsafe"/>
  <testcase name="swap" time="0.000" classname="ThreadUnsafe"/>
  <testcase name="swap" time="0.001" classname="ThreadUnsafe"/>
  <testcase name="swap" time="0.001" classname="ThreadUnsafe"/>
  <testcase name="swap" time="0.000" classname="ThreadUnsafe"/>
  <testcase name="swap" time="0.000" classname="ThreadUnsafe"/>
  <testcase name="swap" time="0.001" classname="ThreadUnsafe"/>
  <testcase name="swap" time="0.001" classname="ThreadUnsafe"/>
  <testcase name="swap" time="0.000" classname="ThreadUnsafe"/>
  <testcase name="swap" time="0.002" classname="ThreadUnsafe"/>
  <testcase name="swap" time="0.000" classname="ThreadUnsafe"/>
  <testcase name="swap" time="0.000" classname="ThreadUnsafe"/>
  <testcase name="swap" time="0.001" classname="ThreadUnsafe"/>
  <testcase name="swap" time="0.001" classname="ThreadUnsafe"/>
  <testcase name="swap" time="0.001" classname="ThreadUnsafe"/>
  <testcase name="swap" time="0.001" classname="ThreadUnsafe"/>
  <testcase name="swap" time="0.001" classname="ThreadUnsafe"/>
  <testcase name="swap" time="0.000" classname="ThreadUnsafe"/>
  <testcase name="swap" time="0.001" classname="ThreadUnsafe"/>
  <testcase name="swap" time="0.002" classname="ThreadUnsafe"/>
  <testcase name="swap" time="0.000" classname="ThreadUnsafe"/>
  <testcase name="swap" time="0.001" classname="ThreadUnsafe"/>
  <testcase name="swap" time="0.001" classname="ThreadUnsafe"/>
  <testcase name="swap" time="0.001" classname="ThreadUnsafe"/>
  <testcase name="swap" time="0.001" classname="ThreadUnsafe"/>
  <testcase name="swap" time="0.000" classname="ThreadUnsafe"/>
  <testcase name="swap" time="0.002" classname="ThreadUnsafe"/>
  <testcase name="swap" time="0.000" classname="ThreadUnsafe"/>
  <testcase name="swap" time="0.000" classname="ThreadUnsafe"/>
  <testcase name="swap" time="0.000" classname="ThreadUnsafe"/>
  <testcase name="swap" time="0.001" classname="ThreadUnsafe"/>
  <testcase name="swap" time="0.000" classname="ThreadUnsafe"/>
  <testcase name="swap" time="0.001" classname="ThreadUnsafe"/>
  <testcase name="swap" time="0.000" classname="ThreadUnsafe"/>
  <testcase name="swap" time="0.000" classname="ThreadUnsafe"/>
  <testcase name="swap" time="0.001" classname="ThreadUnsafe"/>
  <testcase name="swap" time="0.000" classname="ThreadUnsafe"/>
  <testcase name="swap" time="0.001" classname="ThreadUnsafe"/>
  <testcase name="swap" time="0.000" classname="ThreadUnsafe"/>
  <testcase name="swap" time="0.000" classname="ThreadUnsafe"/>
  <testcase name="swap" time="0.001" classname="ThreadUnsafe"/>
  <testcase name="swap" time="0.002" classname="ThreadUnsafe"/>
  <testcase name="swap" time="0.000" classname="ThreadUnsafe"/>
  <testcase name="swap" time="0.001" classname="ThreadUnsafe"/>
  <testcase name="swap" time="0.001" classname="ThreadUnsafe"/>
  <testcase name="swap" time="0.000" classname="ThreadUnsafe"/>
  <testcase name="swap" time="0.000" classname="ThreadUnsafe"/>
  <testcase name="swap" time="0.000" classname="ThreadUnsafe"/>
  <testcase name="swap" time="0.001" classname="ThreadUnsafe"/>
  <testcase name="swap" time="0.000" classname="ThreadUnsafe"/>
  <testcase name="swap" time="0.000" classname="ThreadUnsafe"/>
  <testcase name="swap" time="0.001" classname="ThreadUnsafe"/>
  <testcase name="swap" time="0.005" classname="ThreadUnsafe"/>
  <testcase name="swap" time="0.001" classname="ThreadUnsafe"/>
  <testcase name="swap" time="0.004" classname="ThreadUnsafe"/>
  <testcase name="swap" time="0.001" classname="ThreadUnsafe"/>
  <testcase name="swap" time="0.001" classname="ThreadUnsafe"/>
  <testcase name="swap" time="0.000" classname="ThreadUnsafe"/>
  <testcase name="swap" time="0.001" classname="ThreadUnsafe"/>
  <testcase name="swap" time="0.001" classname="ThreadUnsafe"/>
  <testcase name="swap" time="0.000" classname="ThreadUnsafe"/>
  <testcase name="swap" time="0.000" classname="ThreadUnsafe"/>
  <testcase name="swap" time="0.000" classname="ThreadUnsafe"/>
  <testcase name="swap" time="0.001" classname="ThreadUnsafe"/>
  <testcase name="swap" time="0.001" classname="ThreadUnsafe"/>
  <testcase name="swap" time="0.000" classname="ThreadUnsafe"/>
  <testcase name="swap" time="0.000" classname="ThreadUnsafe"/>
  <testcase name="swap" time="0.001" classname="ThreadUnsafe"/>
  <testcase name="swap" time="0.001" classname="ThreadUnsafe"/>
  <testcase name="swap" time="0.000" classname="ThreadUnsafe"/>
  <testcase name="swap" time="0.000" classname="ThreadUnsafe"/>
  <testcase name="swap" time="0.000" classname="ThreadUnsafe"/>
  <testcase name="swap" time="0.001" classname="ThreadUnsafe"/>
  <testcase name="swap" time="0.000" classname="ThreadUnsafe"/>
  <testcase name="swap" time="0.001" classname="ThreadUnsafe"/>
  <testcase name="swap" time="0.001" classname="ThreadUnsafe"/>
  <testcase name="swap" time="0.000" classname="ThreadUnsafe"/>
  <testcase name="swap" time="0.001" classname="ThreadUnsafe"/>
  <testcase name="swap" time="0.000" classname="ThreadUnsafe"/>
  <testcase name="swap" time="0.000" classname="ThreadUnsafe"/>
  <testcase name="swap" time="0.001" classname="ThreadUnsafe"/>
  <testcase name="swap" time="0.000" classname="ThreadUnsafe"/>
  <testcase name="swap" time="0.000" classname="ThreadUnsafe"/>
  <testcase name="swap" time="0.000" classname="ThreadUnsafe"/>
  <testcase name="swap" time="0.001" classname="ThreadUnsafe"/>
  <testcase name="swap" time="0.004" classname="ThreadUnsafe"/>
  <testcase name="swap" time="0.001" classname="ThreadUnsafe"/>
  <testcase name="swap" time="0.000" classname="ThreadUnsafe"/>
  <testcase name="swap" time="0.001" classname="ThreadUnsafe"/>
  <testcase name="swap" time="0.001" classname="ThreadUnsafe"/>
  <testcase name="swap" time="0.002" classname="ThreadUnsafe"/>
  <testcase name="swap" time="0.000" classname="ThreadUnsafe"/>
  <testcase name="swap" time="0.002" classname="ThreadUnsafe"/>
  <testcase name="swap" time="0.000" classname="ThreadUnsafe"/>
  <testcase name="swap" time="0.001" classname="ThreadUnsafe"/>
  <testcase name="swap" time="0.003" classname="ThreadUnsafe"/>
  <testcase name="swap" time="0.001" classname="ThreadUnsafe"/>
  <testcase name="swap" time="0.001" classname="ThreadUnsafe"/>
  <testcase name="swap" time="0.000" classname="ThreadUnsafe"/>
  <testcase name="swap" time="0.003" classname="ThreadUnsafe"/>
  <testcase name="swap" time="0.001" classname="ThreadUnsafe"/>
  <testcase name="swap" time="0.001" classname="ThreadUnsafe"/>
  <testcase name="swap" time="0.001" classname="ThreadUnsafe"/>
  <testcase name="swap" time="0.000" classname="ThreadUnsafe"/>
  <testcase name="swap" time="0.000" classname="ThreadUnsafe"/>
  <testcase name="swap" time="0.000" classname="ThreadUnsafe"/>
  <testcase name="swap" time="0.000" classname="ThreadUnsafe"/>
  <testcase name="swap" time="0.000" classname="ThreadUnsafe"/>
  <testcase name="swap" time="0.001" classname="ThreadUnsafe"/>
  <testcase name="swap" time="0.001" classname="ThreadUnsafe"/>
  <testcase name="swap" time="0.000" classname="ThreadUnsafe"/>
  <testcase name="swap" time="0.001" classname="ThreadUnsafe"/>
  <testcase name="swap" time="0.000" classname="ThreadUnsafe"/>
  <testcase name="swap" time="0.000" classname="ThreadUnsafe"/>
  <testcase name="swap" time="0.001" classname="ThreadUnsafe"/>
  <testcase name="swap" time="0.000" classname="ThreadUnsafe"/>
  <testcase name="swap" time="0.000" classname="ThreadUnsafe"/>
  <testcase name="swap" time="0.000" classname="ThreadUnsafe"/>
  <testcase name="swap" time="0.004" classname="ThreadUnsafe"/>
  <testcase name="swap" time="0.000" classname="ThreadUnsafe"/>
  <testcase name="swap" time="0.001" classname="ThreadUnsafe"/>
  <testcase name="swap" time="0.000" classname="ThreadUnsafe"/>
  <testcase name="swap" time="0.000" classname="ThreadUnsafe"/>
  <testcase name="swap" time="0.001" classname="ThreadUnsafe"/>
  <testcase name="swap" time="0.001" classname="ThreadUnsafe"/>
  <testcase name="swap" time="0.001" classname="ThreadUnsafe"/>
  <testcase name="swap" time="0.000" classname="ThreadUnsafe"/>
  <testcase name="swap" time="0.001" classname="ThreadUnsafe"/>
  <testcase name="swap" time="0.001" classname="ThreadUnsafe"/>
  <testcase name="swap" time="0.001" classname="ThreadUnsafe"/>
  <testcase name="swap" time="0.001" classname="ThreadUnsafe"/>
  <testcase name="swap" time="0.001" classname="ThreadUnsafe"/>
  <testcase name="swap" time="0.000" classname="ThreadUnsafe"/>
  <testcase name="swap" time="0.002" classname="ThreadUnsafe"/>
  <testcase name="swap" time="0.001" classname="ThreadUnsafe"/>
  <testcase name="swap" time="0.002" classname="ThreadUnsafe"/>
  <testcase name="swap" time="0.001" classname="ThreadUnsafe"/>
  <testcase name="swap" time="0.003" classname="ThreadUnsafe"/>
  <testcase name="swap" time="0.001" classname="ThreadUnsafe"/>
  <testcase name="swap" time="0.001" classname="ThreadUnsafe"/>
  <testcase name="swap" time="0.001" classname="ThreadUnsafe"/>
  <testcase name="swap" time="0.000" classname="ThreadUnsafe"/>
  <testcase name="swap" time="0.001" classname="ThreadUnsafe"/>
  <testcase name="swap" time="0.000" classname="ThreadUnsafe"/>
  <testcase name="swap" time="0.001" classname="ThreadUnsafe"/>
  <testcase name="swap" time="0.000" classname="ThreadUnsafe"/>
  <testcase name="swap" time="0.001" classname="ThreadUnsafe"/>
  <testcase name="swap" time="0.001" classname="ThreadUnsafe"/>
  <testcase name="swap" time="0.000" classname="ThreadUnsafe"/>
  <testcase name="swap" time="0.003" classname="ThreadUnsafe"/>
  <testcase name="swap" time="0.001" classname="ThreadUnsafe"/>
  <testcase name="swap" time="0.001" classname="ThreadUnsafe"/>
  <testcase name="swap" time="0.000" classname="ThreadUnsafe"/>
  <testcase name="swap" time="0.001" classname="ThreadUnsafe"/>
  <testcase name="swap" time="0.001" classname="ThreadUnsafe"/>
  <testcase name="swap" time="0.001" classname="ThreadUnsafe"/>
  <testcase name="swap" time="0.001" classname="ThreadUnsafe"/>
  <testcase name="swap" time="0.001" classname="ThreadUnsafe"/>
  <testcase name="swap" time="0.007" classname="ThreadUnsafe"/>
  <testcase name="swap" time="0.001" classname="ThreadUnsafe"/>
  <testcase name="swap" time="0.001" classname="ThreadUnsafe"/>
  <testcase name="swap" time="0.001" classname="ThreadUnsafe"/>
  <testcase name="swap" time="0.001" classname="ThreadUnsafe"/>
  <testcase name="swap" time="0.002" classname="ThreadUnsafe"/>
  <testcase name="swap" time="0.000" classname="ThreadUnsafe"/>
  <testcase name="swap" time="0.001" classname="ThreadUnsafe"/>
  <testcase name="swap" time="0.002" classname="ThreadUnsafe"/>
  <testcase name="swap" time="0.001" classname="ThreadUnsafe"/>
  <testcase name="swap" time="0.000" classname="ThreadUnsafe"/>
  <testcase name="swap" time="0.002" classname="ThreadUnsafe"/>
  <testcase name="swap" time="0.001" classname="ThreadUnsafe"/>
  <testcase name="swap" time="0.000" classname="ThreadUnsafe"/>
  <testcase name="swap" time="0.000" classname="ThreadUnsafe"/>
  <testcase name="swap" time="0.001" classname="ThreadUnsafe"/>
  <testcase name="swap" time="0.001" classname="ThreadUnsafe"/>
  <testcase name="swap" time="0.001" classname="ThreadUnsafe"/>
  <testcase name="swap" time="0.000" classname="ThreadUnsafe"/>
  <testcase name="swap" time="0.000" classname="ThreadUnsafe"/>
  <testcase name="swap" time="0.001" classname="ThreadUnsafe"/>
  <testcase name="swap" time="0.000" classname="ThreadUnsafe"/>
  <testcase name="swap" time="0.001" classname="ThreadUnsafe"/>
  <testcase name="swap" time="0.001" classname="ThreadUnsafe"/>
  <testcase name="swap" time="0.001" classname="ThreadUnsafe"/>
  <testcase name="swap" time="0.000" classname="ThreadUnsafe"/>
  <testcase name="swap" time="0.001" classname="ThreadUnsafe"/>
  <testcase name="swap" time="0.001" classname="ThreadUnsafe"/>
  <testcase name="swap" time="0.000" classname="ThreadUnsafe"/>
  <testcase name="swap" time="0.001" classname="ThreadUnsafe"/>
  <testcase name="swap" time="0.000" classname="ThreadUnsafe"/>
  <testcase name="swap" time="0.000" classname="ThreadUnsafe"/>
  <testcase name="swap" time="0.001" classname="ThreadUnsafe"/>
  <testcase name="swap" time="0.001" classname="ThreadUnsafe"/>
  <testcase name="swap" time="0.001" classname="ThreadUnsafe"/>
  <testcase name="swap" time="0.001" classname="ThreadUnsafe"/>
  <testcase name="swap" time="0.002" classname="ThreadUnsafe"/>
  <testcase name="swap" time="0.001" classname="ThreadUnsafe"/>
  <testcase name="swap" time="0.003" classname="ThreadUnsafe"/>
  <testcase name="swap" time="0.000" classname="ThreadUnsafe"/>
  <testcase name="swap" time="0.003" classname="ThreadUnsafe"/>
  <testcase name="swap" time="0.000" classname="ThreadUnsafe"/>
  <testcase name="swap" time="0.001" classname="ThreadUnsafe"/>
  <testcase name="swap" time="0.000" classname="ThreadUnsafe"/>
  <testcase name="swap" time="0.001" classname="ThreadUnsafe"/>
  <testcase name="swap" time="0.000" classname="ThreadUnsafe"/>
  <testcase name="swap" time="0.001" classname="ThreadUnsafe"/>
  <testcase name="swap" time="0.000" classname="ThreadUnsafe"/>
  <testcase name="swap" time="0.001" classname="ThreadUnsafe"/>
  <testcase name="swap" time="0.000" classname="ThreadUnsafe"/>
  <testcase name="swap" time="0.002" classname="ThreadUnsafe"/>
  <testcase name="swap" time="0.001" classname="ThreadUnsafe"/>
  <testcase name="swap" time="0.000" classname="ThreadUnsafe"/>
  <testcase name="swap" time="0.001" classname="ThreadUnsafe"/>
  <testcase name="swap" time="0.000" classname="ThreadUnsafe"/>
  <testcase name="swap" time="0.001" classname="ThreadUnsafe"/>
  <testcase name="swap" time="0.001" classname="ThreadUnsafe"/>
  <testcase name="swap" time="0.000" classname="ThreadUnsafe"/>
  <testcase name="swap" time="0.001" classname="ThreadUnsafe"/>
  <testcase name="swap" time="0.001" classname="ThreadUnsafe"/>
  <testcase name="swap" time="0.001" classname="ThreadUnsafe"/>
  <testcase name="swap" time="0.002" classname="ThreadUnsafe"/>
  <testcase name="swap" time="0.000" classname="ThreadUnsafe"/>
  <testcase name="swap" time="0.000" classname="ThreadUnsafe"/>
  <testcase name="swap" time="0.001" classname="ThreadUnsafe"/>
  <testcase name="swap" time="0.003" classname="ThreadUnsafe"/>
  <testcase name="swap" time="0.001" classname="ThreadUnsafe"/>
  <testcase name="swap" time="0.001" classname="ThreadUnsafe"/>
  <testcase name="swap" time="0.001" classname="ThreadUnsafe"/>
  <testcase name="swap" time="0.000" classname="ThreadUnsafe"/>
  <testcase name="swap" time="0.000" classname="ThreadUnsafe"/>
  <testcase name="swap" time="0.000" classname="ThreadUnsafe"/>
  <testcase name="swap" time="0.000" classname="ThreadUnsafe"/>
  <testcase name="swap" time="0.000" classname="ThreadUnsafe"/>
  <testcase name="swap" time="0.001" classname="ThreadUnsafe"/>
  <testcase name="swap" time="0.000" classname="ThreadUnsafe"/>
  <testcase name="swap" time="0.000" classname="ThreadUnsafe"/>
  <testcase name="swap" time="0.001" classname="ThreadUnsafe"/>
  <testcase name="swap" time="0.001" classname="ThreadUnsafe"/>
  <testcase name="swap" time="0.000" classname="ThreadUnsafe"/>
  <testcase name="swap" time="0.001" classname="ThreadUnsafe"/>
  <testcase name="swap" time="0.001" classname="ThreadUnsafe"/>
  <testcase name="swap" time="0.002" classname="ThreadUnsafe"/>
  <testcase name="swap" time="0.002" classname="ThreadUnsafe"/>
  <testcase name="swap" time="0.000" classname="ThreadUnsafe"/>
  <testcase name="swap" time="0.000" classname="ThreadUnsafe"/>
  <testcase name="swap" time="0.001" classname="ThreadUnsafe"/>
  <testcase name="swap" time="0.001" classname="ThreadUnsafe"/>
  <testcase name="swap" time="0.001" classname="ThreadUnsafe"/>
  <testcase name="swap" time="0.000" classname="ThreadUnsafe"/>
  <testcase name="swap" time="0.000" classname="ThreadUnsafe"/>
  <testcase name="swap" time="0.001" classname="ThreadUnsafe"/>
  <testcase name="swap" time="0.000" classname="ThreadUnsafe"/>
  <testcase name="swap" time="0.001" classname="ThreadUnsafe"/>
  <testcase name="swap" time="0.000" classname="ThreadUnsafe"/>
  <testcase name="swap" time="0.000" classname="ThreadUnsafe"/>
  <testcase name="swap" time="0.001" classname="ThreadUnsafe"/>
  <testcase name="swap" time="0.001" classname="ThreadUnsafe"/>
  <testcase name="swap" time="0.001" classname="ThreadUnsafe"/>
  <testcase name="swap" time="0.000" classname="ThreadUnsafe"/>
</testsuite> <!-- ThreadUnsafe -->
