<?xml version="1.0" encoding="UTF-8"?>
<!-- Generated by org.testng.reporters.JUnitReportReporter -->
<testsuite hostname="l-4krq542" name="com.sample.main.Main" tests="1" failures="0" timestamp="2 May 2016 08:49:10 GMT" time="0.006" errors="0">
  <testcase name="sample" time="0.006" classname="com.sample.main.Main"/>
</testsuite> <!-- com.sample.main.Main -->
